<?xml version="1.0" encoding="UTF-8"?>
<!-- Generated by org.testng.reporters.JUnitXMLReporter -->
<testsuite ignored="9" hostname="Mahabaleshwarkar" failures="1" tests="1" name="Default test" time="9.164" errors="0" timestamp="2024-07-26T20:29:49 IST">
  <testcase classname="com.metamesh.FilterTestCases" name="verifyListOfProductsWhenMenFilterIsAppliedForLevisPOM" time="3.127">
    <failure type="java.lang.AssertionError" message="The following asserts failed:
	Product description: Pack of 3 Innerwear Vests expected [true] but found [false],
	Product description: Women Straight High-Rise Jeans expected [true] but found [false],
	Product description: Cable Knit Pullover Sweaters expected [true] but found [false],
	Product description: Women Slim Straight Fit Jeans expected [true] but found [false],
	Product description: Pack of 2 Assorted Trunks expected [true] but found [false],
	Product description: Women Straight High-Rise Jeans expected [true] but found [false],
	Product description: Women Straight High-Rise Jeans expected [true] but found [false],
	Product description: Pure Cotton Printed T-shirt expected [true] but found [false],
	Product description: Women Straight High-Rise Jeans expected [true] but found [false],
	Product description: Colourblocked Bomber Jacket expected [true] but found [false]">
      <![CDATA[java.lang.AssertionError: The following asserts failed:
Product description: Pack of 3 Innerwear Vests expected [true] but found [false],
Product description: Women Straight High-Rise Jeans expected [true] but found [false],
Product description: Cable Knit Pullover Sweaters expected [true] but found [false],
Product description: Women Slim Straight Fit Jeans expected [true] but found [false],
Product description: Pack of 2 Assorted Trunks expected [true] but found [false],
Product description: Women Straight High-Rise Jeans expected [true] but found [false],
Product description: Women Straight High-Rise Jeans expected [true] but found [false],
Product description: Pure Cotton Printed T-shirt expected [true] but found [false],
Product description: Women Straight High-Rise Jeans expected [true] but found [false],
Product description: Colourblocked Bomber Jacket expected [true] but found [false]
at org.testng.asserts.SoftAssert.assertAll(SoftAssert.java:46)
at org.testng.asserts.SoftAssert.assertAll(SoftAssert.java:30)
at com.metamesh.FilterTestCases.verifyListOfProductsWhenMenFilterIsAppliedForLevisPOM(FilterTestCases.java:54)
at java.base/jdk.internal.reflect.DirectMethodHandleAccessor.invoke(DirectMethodHandleAccessor.java:103)
at java.base/java.lang.reflect.Method.invoke(Method.java:580)
at org.testng.internal.invokers.MethodInvocationHelper.invokeMethod(MethodInvocationHelper.java:141)
at org.testng.internal.invokers.TestInvoker.invokeMethod(TestInvoker.java:686)
at org.testng.internal.invokers.TestInvoker.invokeTestMethod(TestInvoker.java:230)
at org.testng.internal.invokers.MethodRunner.runInSequence(MethodRunner.java:63)
at org.testng.internal.invokers.TestInvoker$MethodInvocationAgent.invoke(TestInvoker.java:992)
at org.testng.internal.invokers.TestInvoker.invokeTestMethods(TestInvoker.java:203)
at org.testng.internal.invokers.TestMethodWorker.invokeTestMethods(TestMethodWorker.java:154)
at org.testng.internal.invokers.TestMethodWorker.run(TestMethodWorker.java:134)
at java.base/java.util.ArrayList.forEach(ArrayList.java:1596)
at org.testng.TestRunner.privateRun(TestRunner.java:739)
at org.testng.TestRunner.run(TestRunner.java:614)
at org.testng.SuiteRunner.runTest(SuiteRunner.java:421)
at org.testng.SuiteRunner.runSequentially(SuiteRunner.java:413)
at org.testng.SuiteRunner.privateRun(SuiteRunner.java:373)
at org.testng.SuiteRunner.run(SuiteRunner.java:312)
at org.testng.SuiteRunnerWorker.runSuite(SuiteRunnerWorker.java:52)
at org.testng.SuiteRunnerWorker.run(SuiteRunnerWorker.java:95)
at org.testng.TestNG.runSuitesSequentially(TestNG.java:1274)
at org.testng.TestNG.runSuitesLocally(TestNG.java:1208)
at org.testng.TestNG.runSuites(TestNG.java:1112)
at org.testng.TestNG.run(TestNG.java:1079)
at org.testng.remote.AbstractRemoteTestNG.run(AbstractRemoteTestNG.java:115)
at org.testng.remote.RemoteTestNG.initAndRun(RemoteTestNG.java:293)
at org.testng.remote.RemoteTestNG.main(RemoteTestNG.java:91)
]]>
    </failure>
  </testcase> <!-- verifyListOfProductsWhenMenFilterIsAppliedForLevisPOM -->
  <testcase classname="com.metamesh.FilterTestCases" name="verifyProductAddedToBagPOM" time="0.0">
    <ignored/>
  </testcase> <!-- verifyProductAddedToBagPOM -->
  <testcase classname="com.metamesh.FilterTestCases" name="verifyListOfProductsWhenMenFilterIsAppliedForLevis" time="0.0">
    <ignored/>
  </testcase> <!-- verifyListOfProductsWhenMenFilterIsAppliedForLevis -->
  <testcase classname="com.metamesh.FilterTestCases" name="verifyBrandNameWhenBrandFilterAppliedForAdidasPOMM" time="0.0">
    <ignored/>
  </testcase> <!-- verifyBrandNameWhenBrandFilterAppliedForAdidasPOMM -->
  <testcase classname="com.metamesh.FilterTestCases" name="verifyProductSummaryAddedInCartPOM" time="0.0">
    <ignored/>
  </testcase> <!-- verifyProductSummaryAddedInCartPOM -->
  <testcase classname="com.metamesh.FilterTestCases" name="verifyListOfIncreasedProductQuantityPOM" time="0.0">
    <ignored/>
  </testcase> <!-- verifyListOfIncreasedProductQuantityPOM -->
  <testcase classname="com.metamesh.FilterTestCases" name="verifyProductAddedInCartPOM" time="0.0">
    <ignored/>
  </testcase> <!-- verifyProductAddedInCartPOM -->
  <testcase classname="com.metamesh.FilterTestCases" name="verifyListOfProductsWhenBrandFilterIsAppliedForIndianJerseyPOM" time="0.0">
    <ignored/>
  </testcase> <!-- verifyListOfProductsWhenBrandFilterIsAppliedForIndianJerseyPOM -->
  <testcase classname="com.metamesh.FilterTestCases" name="verifyTotalAmountWhenDiscountCouponAppliedToIncreasedQuantity" time="0.0">
    <ignored/>
  </testcase> <!-- verifyTotalAmountWhenDiscountCouponAppliedToIncreasedQuantity -->
  <testcase classname="com.metamesh.FilterTestCases" name="verifySizeWhenProductOpendInNewTabPOM" time="0.0">
    <ignored/>
  </testcase> <!-- verifySizeWhenProductOpendInNewTabPOM -->
</testsuite> <!-- Default test -->
